VideoFilter/ffmpeg4android_client_demo/build/outputs/logs/manifest-merger-debug-report.txt
-- Merging decision tree log ---
manifest
ADDED from AndroidManifest.xml:2:1
	package
		ADDED from AndroidManifest.xml:3:5
		INJECTED from AndroidManifest.xml:0:0
		INJECTED from AndroidManifest.xml:0:0
	android:versionName
		ADDED from AndroidManifest.xml:5:5
	android:versionCode
		ADDED from AndroidManifest.xml:4:5
		INJECTED from AndroidManifest.xml:0:0
		INJECTED from AndroidManifest.xml:0:0
	xmlns:android
		ADDED from AndroidManifest.xml:2:11
application
ADDED from AndroidManifest.xml:7:5
MERGED from source:ffmpeg4android:unspecified:14:5
MERGED from source:audiocutter:unspecified:11:5
	android:label
		ADDED from AndroidManifest.xml:9:9
	android:icon
		ADDED from AndroidManifest.xml:8:9
	android:allowBackup
		ADDED from source:audiocutter:unspecified:12:9
activity#com.examples.ffmpeg4android_demo.DemoClient
ADDED from AndroidManifest.xml:11:9
	android:label
		ADDED from AndroidManifest.xml:13:13
	android:name
		ADDED from AndroidManifest.xml:12:13
intent-filter#android.intent.action.MAIN+android.intent.category.LAUNCHER
ADDED from AndroidManifest.xml:14:13
action#android.intent.action.MAIN
ADDED from AndroidManifest.xml:15:17
	android:name
		ADDED from AndroidManifest.xml:15:25
category#android.intent.category.LAUNCHER
ADDED from AndroidManifest.xml:16:17
	android:name
		ADDED from AndroidManifest.xml:16:27
activity#com.examples.ffmpeg4android_demo.videocut.VideoCustomSeekBarActivity
ADDED from AndroidManifest.xml:20:9
	android:name
		ADDED from AndroidManifest.xml:20:19
activity#com.netcompss.ffmpeg4android_client.ShowFileAct
ADDED from AndroidManifest.xml:22:9
MERGED from source:ffmpeg4android:unspecified:31:9
	android:name
		ADDED from AndroidManifest.xml:22:19
service#com.netcompss.ffmpeg4android.FFMpegRemoteServiceBridge
ADDED from AndroidManifest.xml:28:9
MERGED from source:ffmpeg4android:unspecified:37:9
	android:process
		ADDED from AndroidManifest.xml:31:13
	android:exported
		ADDED from AndroidManifest.xml:30:13
	android:name
		ADDED from AndroidManifest.xml:29:13
intent-filter#com.netcompss.ffmpeg4android.FFMpegRemoteServiceBridge
ADDED from AndroidManifest.xml:32:13
action#com.netcompss.ffmpeg4android.FFMpegRemoteServiceBridge
ADDED from AndroidManifest.xml:33:17
	android:name
		ADDED from AndroidManifest.xml:33:25
uses-permission#android.permission.WRITE_EXTERNAL_STORAGE
ADDED from AndroidManifest.xml:39:5
MERGED from source:ffmpeg4android:unspecified:11:5
	android:name
		ADDED from AndroidManifest.xml:39:22
uses-permission#android.permission.WAKE_LOCK
ADDED from AndroidManifest.xml:40:5
MERGED from source:ffmpeg4android:unspecified:12:5
	android:name
		ADDED from AndroidManifest.xml:40:22
uses-sdk
ADDED from AndroidManifest.xml:43:5
MERGED from source:ffmpeg4android:unspecified:7:5
MERGED from source:audiocutter:unspecified:7:5
MERGED from com.edmodo:rangebar:1.0.0:7:5
	android:targetSdkVersion
		ADDED from AndroidManifest.xml:45:9
		INJECTED from AndroidManifest.xml:0:0
		INJECTED from AndroidManifest.xml:0:0
	android:minSdkVersion
		ADDED from AndroidManifest.xml:44:9
		INJECTED from AndroidManifest.xml:0:0
		INJECTED from AndroidManifest.xml:0:0
activity#com.netcompss.ffmpeg4android.MainAct
ADDED from source:ffmpeg4android:unspecified:15:9
	android:label
		ADDED from source:ffmpeg4android:unspecified:17:13
	android:name
		ADDED from source:ffmpeg4android:unspecified:16:13
activity#com.example.DemoClient
ADDED from source:ffmpeg4android:unspecified:24:9
	android:label
		ADDED from source:ffmpeg4android:unspecified:26:13
	android:name
		ADDED from source:ffmpeg4android:unspecified:25:13
intent-filter#android.intent.action.MAIN
ADDED from source:ffmpeg4android:unspecified:27:13